
  .   ____          _            __ _ _
 /\\ / ___'_ __ _ _(_)_ __  __ _ \ \ \ \
( ( )\___ | '_ | '_| | '_ \/ _` | \ \ \ \
 \\/  ___)| |_)| | | | | || (_| |  ) ) ) )
  '  |____| .__|_| |_|_| |_\__, | / / / /
 =========|_|==============|___/=/_/_/_/
 :: Spring Boot ::        (v2.0.5.RELEASE)

2020-03-06 17:37:06.181  INFO 18925 --- [           main] c.h.rest.SpringBootDemoApplication       : Starting SpringBootDemoApplication v0.0.1-SNAPSHOT on ist-690 with PID 18925 (/home/ist/Downloads/springboot-basicauth/target/springbootdemo-0.0.1-SNAPSHOT.jar started by ist in /home/ist/Downloads/springboot-basicauth)
2020-03-06 17:37:06.188  INFO 18925 --- [           main] c.h.rest.SpringBootDemoApplication       : No active profile set, falling back to default profiles: default
2020-03-06 17:37:06.337  INFO 18925 --- [           main] ConfigServletWebServerApplicationContext : Refreshing org.springframework.boot.web.servlet.context.AnnotationConfigServletWebServerApplicationContext@12f40c25: startup date [Fri Mar 06 17:37:06 IST 2020]; root of context hierarchy
2020-03-06 17:37:09.369  INFO 18925 --- [           main] o.s.b.w.embedded.tomcat.TomcatWebServer  : Tomcat initialized with port(s): 7880 (http)
2020-03-06 17:37:09.445  INFO 18925 --- [           main] o.apache.catalina.core.StandardService   : Starting service [Tomcat]
2020-03-06 17:37:09.446  INFO 18925 --- [           main] org.apache.catalina.core.StandardEngine  : Starting Servlet Engine: Apache Tomcat/8.5.34
2020-03-06 17:37:09.468  INFO 18925 --- [ost-startStop-1] o.a.catalina.core.AprLifecycleListener   : The APR based Apache Tomcat Native library which allows optimal performance in production environments was not found on the java.library.path: [/usr/java/packages/lib/amd64:/usr/lib/x86_64-linux-gnu/jni:/lib/x86_64-linux-gnu:/usr/lib/x86_64-linux-gnu:/usr/lib/jni:/lib:/usr/lib]
2020-03-06 17:37:09.627  INFO 18925 --- [ost-startStop-1] o.a.c.c.C.[Tomcat].[localhost].[/]       : Initializing Spring embedded WebApplicationContext
2020-03-06 17:37:09.627  INFO 18925 --- [ost-startStop-1] o.s.web.context.ContextLoader            : Root WebApplicationContext: initialization completed in 3294 ms
2020-03-06 17:37:09.758  INFO 18925 --- [ost-startStop-1] o.s.b.w.servlet.FilterRegistrationBean   : Mapping filter: 'characterEncodingFilter' to: [/*]
2020-03-06 17:37:09.759  INFO 18925 --- [ost-startStop-1] o.s.b.w.servlet.FilterRegistrationBean   : Mapping filter: 'hiddenHttpMethodFilter' to: [/*]
2020-03-06 17:37:09.759  INFO 18925 --- [ost-startStop-1] o.s.b.w.servlet.FilterRegistrationBean   : Mapping filter: 'httpPutFormContentFilter' to: [/*]
2020-03-06 17:37:09.759  INFO 18925 --- [ost-startStop-1] o.s.b.w.servlet.FilterRegistrationBean   : Mapping filter: 'requestContextFilter' to: [/*]
2020-03-06 17:37:09.760  INFO 18925 --- [ost-startStop-1] .s.DelegatingFilterProxyRegistrationBean : Mapping filter: 'springSecurityFilterChain' to: [/*]
2020-03-06 17:37:09.760  INFO 18925 --- [ost-startStop-1] o.s.b.w.servlet.ServletRegistrationBean  : Servlet dispatcherServlet mapped to [/]
2020-03-06 17:37:10.295  INFO 18925 --- [           main] o.s.w.s.handler.SimpleUrlHandlerMapping  : Mapped URL path [/**/favicon.ico] onto handler of type [class org.springframework.web.servlet.resource.ResourceHttpRequestHandler]
2020-03-06 17:37:10.603  INFO 18925 --- [           main] s.w.s.m.m.a.RequestMappingHandlerAdapter : Looking for @ControllerAdvice: org.springframework.boot.web.servlet.context.AnnotationConfigServletWebServerApplicationContext@12f40c25: startup date [Fri Mar 06 17:37:06 IST 2020]; root of context hierarchy
2020-03-06 17:37:10.715  INFO 18925 --- [           main] s.w.s.m.m.a.RequestMappingHandlerMapping : Mapped "{[/print-all-headers],methods=[GET]}" onto public java.util.Map<java.lang.String, java.lang.String> com.howtodoinjava.rest.controller.HeaderController.getAllheaders(java.util.Map<java.lang.String, java.lang.String>)
2020-03-06 17:37:10.721  INFO 18925 --- [           main] s.w.s.m.m.a.RequestMappingHandlerMapping : Mapped "{[/employees/],methods=[GET],produces=[application/json]}" onto public com.howtodoinjava.rest.model.Employees com.howtodoinjava.rest.controller.EmployeeController.getEmployees()
2020-03-06 17:37:10.722  INFO 18925 --- [           main] s.w.s.m.m.a.RequestMappingHandlerMapping : Mapped "{[/employees/],methods=[POST],consumes=[application/json],produces=[application/json]}" onto public org.springframework.http.ResponseEntity<java.lang.Object> com.howtodoinjava.rest.controller.EmployeeController.addEmployee(java.lang.String,java.lang.String,com.howtodoinjava.rest.model.Employee) throws java.lang.Exception
2020-03-06 17:37:10.727  INFO 18925 --- [           main] s.w.s.m.m.a.RequestMappingHandlerMapping : Mapped "{[/error],produces=[text/html]}" onto public org.springframework.web.servlet.ModelAndView org.springframework.boot.autoconfigure.web.servlet.error.BasicErrorController.errorHtml(javax.servlet.http.HttpServletRequest,javax.servlet.http.HttpServletResponse)
2020-03-06 17:37:10.728  INFO 18925 --- [           main] s.w.s.m.m.a.RequestMappingHandlerMapping : Mapped "{[/error]}" onto public org.springframework.http.ResponseEntity<java.util.Map<java.lang.String, java.lang.Object>> org.springframework.boot.autoconfigure.web.servlet.error.BasicErrorController.error(javax.servlet.http.HttpServletRequest)
2020-03-06 17:37:10.768  INFO 18925 --- [           main] o.s.w.s.handler.SimpleUrlHandlerMapping  : Mapped URL path [/webjars/**] onto handler of type [class org.springframework.web.servlet.resource.ResourceHttpRequestHandler]
2020-03-06 17:37:10.768  INFO 18925 --- [           main] o.s.w.s.handler.SimpleUrlHandlerMapping  : Mapped URL path [/**] onto handler of type [class org.springframework.web.servlet.resource.ResourceHttpRequestHandler]
2020-03-06 17:37:10.788  INFO 18925 --- [           main] .m.m.a.ExceptionHandlerExceptionResolver : Detected @ExceptionHandler methods in customExceptionHandler
2020-03-06 17:37:11.559  INFO 18925 --- [           main] o.s.s.web.DefaultSecurityFilterChain     : Creating filter chain: org.springframework.security.web.util.matcher.AnyRequestMatcher@1, [org.springframework.security.web.context.request.async.WebAsyncManagerIntegrationFilter@333291e3, org.springframework.security.web.context.SecurityContextPersistenceFilter@708f5957, org.springframework.security.web.header.HeaderWriterFilter@35ef1869, org.springframework.security.web.authentication.logout.LogoutFilter@16ec5519, org.springframework.security.web.authentication.www.BasicAuthenticationFilter@6973b51b, org.springframework.security.web.savedrequest.RequestCacheAwareFilter@7722c3c3, org.springframework.security.web.servletapi.SecurityContextHolderAwareRequestFilter@291ae, org.springframework.security.web.authentication.AnonymousAuthenticationFilter@479d31f3, org.springframework.security.web.session.SessionManagementFilter@130161f7, org.springframework.security.web.access.ExceptionTranslationFilter@3427b02d, org.springframework.security.web.access.intercept.FilterSecurityInterceptor@56620197]
2020-03-06 17:37:11.665  INFO 18925 --- [           main] o.s.j.e.a.AnnotationMBeanExporter        : Registering beans for JMX exposure on startup
2020-03-06 17:37:11.722  INFO 18925 --- [           main] o.s.b.w.embedded.tomcat.TomcatWebServer  : Tomcat started on port(s): 7880 (http) with context path ''
2020-03-06 17:37:11.731  INFO 18925 --- [           main] c.h.rest.SpringBootDemoApplication       : Started SpringBootDemoApplication in 6.533 seconds (JVM running for 7.702)
2020-03-06 17:37:50.173  INFO 18925 --- [nio-7880-exec-1] o.a.c.c.C.[Tomcat].[localhost].[/]       : Initializing Spring FrameworkServlet 'dispatcherServlet'
2020-03-06 17:37:50.174  INFO 18925 --- [nio-7880-exec-1] o.s.web.servlet.DispatcherServlet        : FrameworkServlet 'dispatcherServlet': initialization started
2020-03-06 17:37:50.195  INFO 18925 --- [nio-7880-exec-1] o.s.web.servlet.DispatcherServlet        : FrameworkServlet 'dispatcherServlet': initialization completed in 21 ms
Header Name: authorization Header Value: Basic YWRtaW46cGFzc3dvcmQ=
Header Name: origin Header Value: https://localhost:9443
Header Name: referer Header Value: https://localhost:9443/devportal/apis/447d24be-94e6-46e9-bc16-a9fa61304160/test
Header Name: sec-fetch-dest Header Value: empty
Header Name: sec-fetch-site Header Value: same-site
Header Name: accept-encoding Header Value: gzip, deflate, br
Header Name: accept-language Header Value: en-US,en;q=0.9
Header Name: accept Header Value: */*
Header Name: sec-fetch-mode Header Value: cors
Header Name: host Header Value: localhost:7880
Header Name: connection Header Value: Keep-Alive
Header Name: user-agent Header Value: Synapse-PT-HttpComponents-NIO
Header Name: origin Header Value: https://localhost:9443
Header Name: referer Header Value: https://localhost:9443/devportal/apis/447d24be-94e6-46e9-bc16-a9fa61304160/test
Header Name: sec-fetch-dest Header Value: empty
Header Name: sec-fetch-site Header Value: same-site
Header Name: accept-encoding Header Value: gzip, deflate, br
Header Name: accept Header Value: */*
Header Name: sec-fetch-mode Header Value: cors
Header Name: authorization Header Value: Basic YWRtaW46cGFzc3dvcmQ=
Header Name: correlation_id Header Value: 
Header Name: api.ut.backendrequesttime Header Value: 1583496538089
Header Name: authorizationvalue Header Value: 
Header Name: endpoint Header Value: 
Header Name: wso2_am_api_accept_message_type Header Value: */*
Header Name: accept-language Header Value: en-US,en;q=0.9
Header Name: host Header Value: localhost:7880
Header Name: connection Header Value: Keep-Alive
Header Name: user-agent Header Value: Synapse-PT-HttpComponents-NIO
Header Name: origin Header Value: https://localhost:9443
Header Name: referer Header Value: https://localhost:9443/devportal/apis/447d24be-94e6-46e9-bc16-a9fa61304160/test
Header Name: sec-fetch-dest Header Value: empty
Header Name: sec-fetch-site Header Value: same-site
Header Name: accept-encoding Header Value: gzip, deflate, br
Header Name: accept Header Value: */*
Header Name: sec-fetch-mode Header Value: cors
Header Name: authorization Header Value: Basic YWRtaW46cGFzc3dvcmQ=
Header Name: correlation_id Header Value: 
Header Name: api.ut.backendrequesttime Header Value: 1583496646373
Header Name: authorizationvalue Header Value: 
Header Name: endpoint Header Value: 
Header Name: wso2_am_api_accept_message_type Header Value: */*
Header Name: accept-language Header Value: en-US,en;q=0.9
Header Name: host Header Value: localhost:7880
Header Name: connection Header Value: Keep-Alive
Header Name: user-agent Header Value: Synapse-PT-HttpComponents-NIO
Header Name: origin Header Value: https://localhost:9443
Header Name: referer Header Value: https://localhost:9443/devportal/apis/447d24be-94e6-46e9-bc16-a9fa61304160/test
Header Name: sec-fetch-dest Header Value: empty
Header Name: sec-fetch-site Header Value: same-site
Header Name: accept-encoding Header Value: gzip, deflate, br
Header Name: accept Header Value: */*
Header Name: sec-fetch-mode Header Value: cors
Header Name: authorization Header Value: Basic YWRtaW46cGFzc3dvcmQ=
Header Name: correlation_id Header Value: 
Header Name: api.ut.backendrequesttime Header Value: 1583496831079
Header Name: authorizationvalue Header Value: 
Header Name: endpoint Header Value: 
Header Name: x-api Header Value: 
Header Name: wso2_am_api_accept_message_type Header Value: */*
Header Name: accept-language Header Value: en-US,en;q=0.9
Header Name: host Header Value: localhost:7880
Header Name: connection Header Value: Keep-Alive
Header Name: user-agent Header Value: Synapse-PT-HttpComponents-NIO
Header Name: accept Header Value: */*
Header Name: sec-fetch-dest Header Value: empty
Header Name: sec-fetch-site Header Value: none
Header Name: accept-encoding Header Value: gzip, deflate, br
Header Name: sec-fetch-mode Header Value: cors
Header Name: authorization Header Value: Basic YWRtaW46cGFzc3dvcmQ=
Header Name: correlation_id Header Value: 
Header Name: api.ut.backendrequesttime Header Value: 1583497198674
Header Name: authorizationvalue Header Value: 
Header Name: cache-control Header Value: no-cache
Header Name: endpoint Header Value: 
Header Name: x-api Header Value: 
Header Name: wso2_am_api_accept_message_type Header Value: */*
Header Name: postman-token Header Value: 57f155ff-c7e5-69b4-843d-4f6ecf14e9d2
Header Name: accept-language Header Value: en-US,en;q=0.9
Header Name: host Header Value: localhost:7880
Header Name: connection Header Value: Keep-Alive
Header Name: user-agent Header Value: Synapse-PT-HttpComponents-NIO
Header Name: origin Header Value: https://localhost:9443
Header Name: referer Header Value: https://localhost:9443/devportal/apis/447d24be-94e6-46e9-bc16-a9fa61304160/test
Header Name: sec-fetch-dest Header Value: empty
Header Name: sec-fetch-site Header Value: same-site
Header Name: accept-encoding Header Value: gzip, deflate, br
Header Name: accept Header Value: */*
Header Name: sec-fetch-mode Header Value: cors
Header Name: authorization Header Value: Basic YWRtaW46cGFzc3dvcmQ=
Header Name: correlation_id Header Value: 
Header Name: api.ut.backendrequesttime Header Value: 1583573793840
Header Name: authorizationvalue Header Value: 
Header Name: endpoint Header Value: 
Header Name: x-api Header Value: 
Header Name: wso2_am_api_accept_message_type Header Value: */*
Header Name: accept-language Header Value: en-US,en;q=0.9
Header Name: host Header Value: localhost:7880
Header Name: connection Header Value: Keep-Alive
Header Name: user-agent Header Value: Synapse-PT-HttpComponents-NIO
Header Name: cookie Header Value: JSESSIONID=DF31FF9747F0A6DB75624D162519B7D1
Header Name: accept Header Value: */*
Header Name: sec-fetch-dest Header Value: empty
Header Name: sec-fetch-site Header Value: none
Header Name: accept-encoding Header Value: gzip, deflate, br
Header Name: sec-fetch-mode Header Value: cors
Header Name: authorization Header Value: Basic YWRtaW46cGFzc3dvcmQ=
Header Name: correlation_id Header Value: 
Header Name: api.ut.backendrequesttime Header Value: 1583573952321
Header Name: authorizationvalue Header Value: 
Header Name: cache-control Header Value: no-cache
Header Name: endpoint Header Value: 
Header Name: x-api Header Value: 
Header Name: wso2_am_api_accept_message_type Header Value: */*
Header Name: postman-token Header Value: 9dcb4361-8a2b-6ce6-0866-c35aabc00b70
Header Name: accept-language Header Value: en-US,en;q=0.9
Header Name: host Header Value: localhost:7880
Header Name: connection Header Value: Keep-Alive
Header Name: user-agent Header Value: Synapse-PT-HttpComponents-NIO
Header Name: cookie Header Value: JSESSIONID=B7319DAEECC27D94FDB2A7C22D759325
Header Name: accept Header Value: */*
Header Name: sec-fetch-dest Header Value: empty
Header Name: sec-fetch-site Header Value: none
Header Name: custom Header Value: Bearer 1234
Header Name: accept-encoding Header Value: gzip, deflate, br
Header Name: sec-fetch-mode Header Value: cors
Header Name: authorization Header Value: Basic YWRtaW46cGFzc3dvcmQ=
Header Name: correlation_id Header Value: 
Header Name: api.ut.backendrequesttime Header Value: 1583574073867
Header Name: authorizationvalue Header Value: 
Header Name: cache-control Header Value: no-cache
Header Name: endpoint Header Value: 
Header Name: x-api Header Value: 
Header Name: wso2_am_api_accept_message_type Header Value: */*
Header Name: postman-token Header Value: 05c14c8d-5286-88f6-c842-abcf6ae67511
Header Name: accept-language Header Value: en-US,en;q=0.9
Header Name: host Header Value: localhost:7880
Header Name: connection Header Value: Keep-Alive
Header Name: user-agent Header Value: Synapse-PT-HttpComponents-NIO
Header Name: cookie Header Value: JSESSIONID=B7319DAEECC27D94FDB2A7C22D759325
Header Name: abc Header Value: xyz
Header Name: accept Header Value: */*
Header Name: sec-fetch-dest Header Value: empty
Header Name: sec-fetch-site Header Value: none
Header Name: custom Header Value: Bearer 1234
Header Name: accept-encoding Header Value: gzip, deflate, br
Header Name: sec-fetch-mode Header Value: cors
Header Name: authorization Header Value: Basic YWRtaW46cGFzc3dvcmQ=
Header Name: correlation_id Header Value: 
Header Name: api.ut.backendrequesttime Header Value: 1583574085398
Header Name: authorizationvalue Header Value: 
Header Name: cache-control Header Value: no-cache
Header Name: endpoint Header Value: 
Header Name: x-api Header Value: 
Header Name: wso2_am_api_accept_message_type Header Value: */*
Header Name: postman-token Header Value: ec83254c-777f-31e3-aca3-a11b9d7c713c
Header Name: accept-language Header Value: en-US,en;q=0.9
Header Name: host Header Value: localhost:7880
Header Name: connection Header Value: Keep-Alive
Header Name: user-agent Header Value: Synapse-PT-HttpComponents-NIO
Header Name: cookie Header Value: JSESSIONID=B7319DAEECC27D94FDB2A7C22D759325
Header Name: abc Header Value: xyz
Header Name: accept Header Value: */*
Header Name: sec-fetch-dest Header Value: empty
Header Name: sec-fetch-site Header Value: none
Header Name: custom Header Value: Bearer 1234
Header Name: accept-encoding Header Value: gzip, deflate, br
Header Name: sec-fetch-mode Header Value: cors
Header Name: authorization Header Value: Basic YWRtaW46cGFzc3dvcmQ=
Header Name: correlation_id Header Value: 
Header Name: api.ut.backendrequesttime Header Value: 1583581748629
Header Name: authorizationvalue Header Value: 
Header Name: cache-control Header Value: no-cache
Header Name: endpoint Header Value: 
Header Name: x-api Header Value: 
Header Name: wso2_am_api_accept_message_type Header Value: */*
Header Name: postman-token Header Value: 6657bb3b-627d-5c15-1381-41cc1e0c6815
Header Name: accept-language Header Value: en-US,en;q=0.9
Header Name: host Header Value: localhost:7880
Header Name: connection Header Value: Keep-Alive
Header Name: user-agent Header Value: Synapse-PT-HttpComponents-NIO
Header Name: cookie Header Value: JSESSIONID=56672F39AFE9FAA56F4A78ABC2CB3B4E
Header Name: abc Header Value: xyz
Header Name: accept Header Value: */*
Header Name: sec-fetch-dest Header Value: empty
Header Name: sec-fetch-site Header Value: none
Header Name: custom Header Value: Bearer 1234
Header Name: accept-encoding Header Value: gzip, deflate, br
Header Name: sec-fetch-mode Header Value: cors
Header Name: authorization Header Value: Basic YWRtaW46cGFzc3dvcmQ=
Header Name: correlation_id Header Value: 
Header Name: api.ut.backendrequesttime Header Value: 1583583340765
Header Name: authorizationvalue Header Value: 
Header Name: cache-control Header Value: no-cache
Header Name: endpoint Header Value: 
Header Name: x-api Header Value: 
Header Name: wso2_am_api_accept_message_type Header Value: */*
Header Name: postman-token Header Value: ba6644e6-2a84-5618-db97-bc4ecbe229c7
Header Name: accept-language Header Value: en-US,en;q=0.9
Header Name: host Header Value: localhost:7880
Header Name: connection Header Value: Keep-Alive
Header Name: user-agent Header Value: Synapse-PT-HttpComponents-NIO
Header Name: cookie Header Value: JSESSIONID=56672F39AFE9FAA56F4A78ABC2CB3B4E
Header Name: abc Header Value: xyz
Header Name: accept Header Value: */*
Header Name: sec-fetch-dest Header Value: empty
Header Name: sec-fetch-site Header Value: none
Header Name: custom Header Value: Bearer 1234
Header Name: accept-encoding Header Value: gzip, deflate, br
Header Name: sec-fetch-mode Header Value: cors
Header Name: authorization Header Value: Basic YWRtaW46cGFzc3dvcmQ=
Header Name: correlation_id Header Value: 
Header Name: api.ut.backendrequesttime Header Value: 1583583587490
Header Name: authorizationvalue Header Value: 
Header Name: cache-control Header Value: no-cache
Header Name: endpoint Header Value: 
Header Name: x-api Header Value: 
Header Name: wso2_am_api_accept_message_type Header Value: */*
Header Name: postman-token Header Value: 98df586c-d952-375a-9136-8e717063e3b4
Header Name: accept-language Header Value: en-US,en;q=0.9
Header Name: host Header Value: localhost:7880
Header Name: connection Header Value: Keep-Alive
Header Name: user-agent Header Value: Synapse-PT-HttpComponents-NIO
Header Name: cookie Header Value: JSESSIONID=56672F39AFE9FAA56F4A78ABC2CB3B4E
Header Name: abc Header Value: xyz
Header Name: accept Header Value: */*
Header Name: sec-fetch-dest Header Value: empty
Header Name: sec-fetch-site Header Value: none
Header Name: custom Header Value: Bearer 1234
Header Name: accept-encoding Header Value: gzip, deflate, br
Header Name: sec-fetch-mode Header Value: cors
Header Name: authorization Header Value: Basic YWRtaW46cGFzc3dvcmQ=
Header Name: correlation_id Header Value: 
Header Name: api.ut.backendrequesttime Header Value: 1583583608610
Header Name: authorizationvalue Header Value: 
Header Name: cache-control Header Value: no-cache
Header Name: endpoint Header Value: 
Header Name: x-api Header Value: 
Header Name: wso2_am_api_accept_message_type Header Value: */*
Header Name: postman-token Header Value: 759343f1-1817-55a3-1e94-8f2a964f3484
Header Name: accept-language Header Value: en-US,en;q=0.9
Header Name: host Header Value: localhost:7880
Header Name: connection Header Value: Keep-Alive
Header Name: user-agent Header Value: Synapse-PT-HttpComponents-NIO
Header Name: cookie Header Value: JSESSIONID=56672F39AFE9FAA56F4A78ABC2CB3B4E
Header Name: abc Header Value: dff
Header Name: accept Header Value: */*
Header Name: sec-fetch-dest Header Value: empty
Header Name: sec-fetch-site Header Value: none
Header Name: custom Header Value: Bearer 1234
Header Name: accept-encoding Header Value: gzip, deflate, br
Header Name: sec-fetch-mode Header Value: cors
Header Name: authorization Header Value: Basic YWRtaW46cGFzc3dvcmQ=
Header Name: correlation_id Header Value: 
Header Name: api.ut.backendrequesttime Header Value: 1583583630615
Header Name: authorizationvalue Header Value: 
Header Name: cache-control Header Value: no-cache
Header Name: endpoint Header Value: 
Header Name: x-api Header Value: 
Header Name: wso2_am_api_accept_message_type Header Value: */*
Header Name: postman-token Header Value: b2bcd705-0ec9-95c7-c1f3-3f1310fedbfc
Header Name: accept-language Header Value: en-US,en;q=0.9
Header Name: host Header Value: localhost:7880
Header Name: connection Header Value: Keep-Alive
Header Name: user-agent Header Value: Synapse-PT-HttpComponents-NIO
