sh: 0: Can't open catlina.sh
Error: Could not find or load main class jar

  .   ____          _            __ _ _
 /\\ / ___'_ __ _ _(_)_ __  __ _ \ \ \ \
( ( )\___ | '_ | '_| | '_ \/ _` | \ \ \ \
 \\/  ___)| |_)| | | | | || (_| |  ) ) ) )
  '  |____| .__|_| |_|_| |_\__, | / / / /
 =========|_|==============|___/=/_/_/_/
 :: Spring Boot ::        (v2.0.5.RELEASE)

2020-03-05 23:32:56.419  INFO 20497 --- [           main] c.h.rest.SpringBootDemoApplication       : Starting SpringBootDemoApplication v0.0.1-SNAPSHOT on ist-690 with PID 20497 (/home/ist/Downloads/springboot-basicauth/target/springbootdemo-0.0.1-SNAPSHOT.jar started by ist in /home/ist/Downloads/springboot-basicauth/target)
2020-03-05 23:32:56.490  INFO 20497 --- [           main] c.h.rest.SpringBootDemoApplication       : No active profile set, falling back to default profiles: default
2020-03-05 23:32:57.157  INFO 20497 --- [           main] ConfigServletWebServerApplicationContext : Refreshing org.springframework.boot.web.servlet.context.AnnotationConfigServletWebServerApplicationContext@3c679bde: startup date [Thu Mar 05 23:32:57 IST 2020]; root of context hierarchy
2020-03-05 23:33:01.469  INFO 20497 --- [           main] o.s.b.w.embedded.tomcat.TomcatWebServer  : Tomcat initialized with port(s): 7880 (http)
2020-03-05 23:33:01.593  INFO 20497 --- [           main] o.apache.catalina.core.StandardService   : Starting service [Tomcat]
2020-03-05 23:33:01.593  INFO 20497 --- [           main] org.apache.catalina.core.StandardEngine  : Starting Servlet Engine: Apache Tomcat/8.5.34
2020-03-05 23:33:01.616  INFO 20497 --- [ost-startStop-1] o.a.catalina.core.AprLifecycleListener   : The APR based Apache Tomcat Native library which allows optimal performance in production environments was not found on the java.library.path: [/usr/java/packages/lib/amd64:/usr/lib/x86_64-linux-gnu/jni:/lib/x86_64-linux-gnu:/usr/lib/x86_64-linux-gnu:/usr/lib/jni:/lib:/usr/lib]
2020-03-05 23:33:01.933  INFO 20497 --- [ost-startStop-1] o.a.c.c.C.[Tomcat].[localhost].[/]       : Initializing Spring embedded WebApplicationContext
2020-03-05 23:33:01.933  INFO 20497 --- [ost-startStop-1] o.s.web.context.ContextLoader            : Root WebApplicationContext: initialization completed in 4925 ms
2020-03-05 23:33:02.087  INFO 20497 --- [ost-startStop-1] o.s.b.w.servlet.FilterRegistrationBean   : Mapping filter: 'characterEncodingFilter' to: [/*]
2020-03-05 23:33:02.088  INFO 20497 --- [ost-startStop-1] o.s.b.w.servlet.FilterRegistrationBean   : Mapping filter: 'hiddenHttpMethodFilter' to: [/*]
2020-03-05 23:33:02.088  INFO 20497 --- [ost-startStop-1] o.s.b.w.servlet.FilterRegistrationBean   : Mapping filter: 'httpPutFormContentFilter' to: [/*]
2020-03-05 23:33:02.088  INFO 20497 --- [ost-startStop-1] o.s.b.w.servlet.FilterRegistrationBean   : Mapping filter: 'requestContextFilter' to: [/*]
2020-03-05 23:33:02.089  INFO 20497 --- [ost-startStop-1] .s.DelegatingFilterProxyRegistrationBean : Mapping filter: 'springSecurityFilterChain' to: [/*]
2020-03-05 23:33:02.089  INFO 20497 --- [ost-startStop-1] o.s.b.w.servlet.ServletRegistrationBean  : Servlet dispatcherServlet mapped to [/]
2020-03-05 23:33:02.605  INFO 20497 --- [           main] o.s.w.s.handler.SimpleUrlHandlerMapping  : Mapped URL path [/**/favicon.ico] onto handler of type [class org.springframework.web.servlet.resource.ResourceHttpRequestHandler]
2020-03-05 23:33:02.933  INFO 20497 --- [           main] s.w.s.m.m.a.RequestMappingHandlerAdapter : Looking for @ControllerAdvice: org.springframework.boot.web.servlet.context.AnnotationConfigServletWebServerApplicationContext@3c679bde: startup date [Thu Mar 05 23:32:57 IST 2020]; root of context hierarchy
2020-03-05 23:33:03.119  INFO 20497 --- [           main] s.w.s.m.m.a.RequestMappingHandlerMapping : Mapped "{[/print-all-headers],methods=[GET]}" onto public java.util.Map<java.lang.String, java.lang.String> com.howtodoinjava.rest.controller.HeaderController.getAllheaders(java.util.Map<java.lang.String, java.lang.String>)
2020-03-05 23:33:03.127  INFO 20497 --- [           main] s.w.s.m.m.a.RequestMappingHandlerMapping : Mapped "{[/employees/],methods=[GET],produces=[application/json]}" onto public com.howtodoinjava.rest.model.Employees com.howtodoinjava.rest.controller.EmployeeController.getEmployees()
2020-03-05 23:33:03.128  INFO 20497 --- [           main] s.w.s.m.m.a.RequestMappingHandlerMapping : Mapped "{[/employees/],methods=[POST],consumes=[application/json],produces=[application/json]}" onto public org.springframework.http.ResponseEntity<java.lang.Object> com.howtodoinjava.rest.controller.EmployeeController.addEmployee(java.lang.String,java.lang.String,com.howtodoinjava.rest.model.Employee) throws java.lang.Exception
2020-03-05 23:33:03.134  INFO 20497 --- [           main] s.w.s.m.m.a.RequestMappingHandlerMapping : Mapped "{[/error],produces=[text/html]}" onto public org.springframework.web.servlet.ModelAndView org.springframework.boot.autoconfigure.web.servlet.error.BasicErrorController.errorHtml(javax.servlet.http.HttpServletRequest,javax.servlet.http.HttpServletResponse)
2020-03-05 23:33:03.134  INFO 20497 --- [           main] s.w.s.m.m.a.RequestMappingHandlerMapping : Mapped "{[/error]}" onto public org.springframework.http.ResponseEntity<java.util.Map<java.lang.String, java.lang.Object>> org.springframework.boot.autoconfigure.web.servlet.error.BasicErrorController.error(javax.servlet.http.HttpServletRequest)
2020-03-05 23:33:03.189  INFO 20497 --- [           main] o.s.w.s.handler.SimpleUrlHandlerMapping  : Mapped URL path [/webjars/**] onto handler of type [class org.springframework.web.servlet.resource.ResourceHttpRequestHandler]
2020-03-05 23:33:03.189  INFO 20497 --- [           main] o.s.w.s.handler.SimpleUrlHandlerMapping  : Mapped URL path [/**] onto handler of type [class org.springframework.web.servlet.resource.ResourceHttpRequestHandler]
2020-03-05 23:33:03.219  INFO 20497 --- [           main] .m.m.a.ExceptionHandlerExceptionResolver : Detected @ExceptionHandler methods in customExceptionHandler
2020-03-05 23:33:04.385  INFO 20497 --- [           main] o.s.s.web.DefaultSecurityFilterChain     : Creating filter chain: org.springframework.security.web.util.matcher.AnyRequestMatcher@1, [org.springframework.security.web.context.request.async.WebAsyncManagerIntegrationFilter@6973b51b, org.springframework.security.web.context.SecurityContextPersistenceFilter@130161f7, org.springframework.security.web.header.HeaderWriterFilter@647e447, org.springframework.security.web.authentication.logout.LogoutFilter@291ae, org.springframework.security.web.authentication.www.BasicAuthenticationFilter@192d43ce, org.springframework.security.web.savedrequest.RequestCacheAwareFilter@619713e5, org.springframework.security.web.servletapi.SecurityContextHolderAwareRequestFilter@7722c3c3, org.springframework.security.web.authentication.AnonymousAuthenticationFilter@1ab3a8c8, org.springframework.security.web.session.SessionManagementFilter@3c407114, org.springframework.security.web.access.ExceptionTranslationFilter@3d51f06e, org.springframework.security.web.access.intercept.FilterSecurityInterceptor@7714e963]
2020-03-05 23:33:04.559  INFO 20497 --- [           main] o.s.j.e.a.AnnotationMBeanExporter        : Registering beans for JMX exposure on startup
2020-03-05 23:33:04.649 ERROR 20497 --- [           main] o.apache.catalina.core.StandardService   : Failed to start connector [Connector[HTTP/1.1-7880]]

org.apache.catalina.LifecycleException: Failed to start component [Connector[HTTP/1.1-7880]]
	at org.apache.catalina.util.LifecycleBase.start(LifecycleBase.java:167) ~[tomcat-embed-core-8.5.34.jar!/:8.5.34]
	at org.apache.catalina.core.StandardService.addConnector(StandardService.java:225) ~[tomcat-embed-core-8.5.34.jar!/:8.5.34]
	at org.springframework.boot.web.embedded.tomcat.TomcatWebServer.addPreviouslyRemovedConnectors(TomcatWebServer.java:256) [spring-boot-2.0.5.RELEASE.jar!/:2.0.5.RELEASE]
	at org.springframework.boot.web.embedded.tomcat.TomcatWebServer.start(TomcatWebServer.java:198) [spring-boot-2.0.5.RELEASE.jar!/:2.0.5.RELEASE]
	at org.springframework.boot.web.servlet.context.ServletWebServerApplicationContext.startWebServer(ServletWebServerApplicationContext.java:300) [spring-boot-2.0.5.RELEASE.jar!/:2.0.5.RELEASE]
	at org.springframework.boot.web.servlet.context.ServletWebServerApplicationContext.finishRefresh(ServletWebServerApplicationContext.java:162) [spring-boot-2.0.5.RELEASE.jar!/:2.0.5.RELEASE]
	at org.springframework.context.support.AbstractApplicationContext.refresh(AbstractApplicationContext.java:553) [spring-context-5.0.9.RELEASE.jar!/:5.0.9.RELEASE]
	at org.springframework.boot.web.servlet.context.ServletWebServerApplicationContext.refresh(ServletWebServerApplicationContext.java:140) [spring-boot-2.0.5.RELEASE.jar!/:2.0.5.RELEASE]
	at org.springframework.boot.SpringApplication.refresh(SpringApplication.java:780) [spring-boot-2.0.5.RELEASE.jar!/:2.0.5.RELEASE]
	at org.springframework.boot.SpringApplication.refreshContext(SpringApplication.java:412) [spring-boot-2.0.5.RELEASE.jar!/:2.0.5.RELEASE]
	at org.springframework.boot.SpringApplication.run(SpringApplication.java:333) [spring-boot-2.0.5.RELEASE.jar!/:2.0.5.RELEASE]
	at org.springframework.boot.SpringApplication.run(SpringApplication.java:1277) [spring-boot-2.0.5.RELEASE.jar!/:2.0.5.RELEASE]
	at org.springframework.boot.SpringApplication.run(SpringApplication.java:1265) [spring-boot-2.0.5.RELEASE.jar!/:2.0.5.RELEASE]
	at com.howtodoinjava.rest.SpringBootDemoApplication.main(SpringBootDemoApplication.java:10) [classes!/:0.0.1-SNAPSHOT]
	at sun.reflect.NativeMethodAccessorImpl.invoke0(Native Method) ~[na:1.8.0_242]
	at sun.reflect.NativeMethodAccessorImpl.invoke(NativeMethodAccessorImpl.java:62) ~[na:1.8.0_242]
	at sun.reflect.DelegatingMethodAccessorImpl.invoke(DelegatingMethodAccessorImpl.java:43) ~[na:1.8.0_242]
	at java.lang.reflect.Method.invoke(Method.java:498) ~[na:1.8.0_242]
	at org.springframework.boot.loader.MainMethodRunner.run(MainMethodRunner.java:48) [springbootdemo-0.0.1-SNAPSHOT.jar:0.0.1-SNAPSHOT]
	at org.springframework.boot.loader.Launcher.launch(Launcher.java:87) [springbootdemo-0.0.1-SNAPSHOT.jar:0.0.1-SNAPSHOT]
	at org.springframework.boot.loader.Launcher.launch(Launcher.java:50) [springbootdemo-0.0.1-SNAPSHOT.jar:0.0.1-SNAPSHOT]
	at org.springframework.boot.loader.JarLauncher.main(JarLauncher.java:51) [springbootdemo-0.0.1-SNAPSHOT.jar:0.0.1-SNAPSHOT]
Caused by: org.apache.catalina.LifecycleException: Protocol handler start failed
	at org.apache.catalina.connector.Connector.startInternal(Connector.java:1020) ~[tomcat-embed-core-8.5.34.jar!/:8.5.34]
	at org.apache.catalina.util.LifecycleBase.start(LifecycleBase.java:150) ~[tomcat-embed-core-8.5.34.jar!/:8.5.34]
	... 21 common frames omitted
Caused by: java.net.BindException: Address already in use
	at sun.nio.ch.Net.bind0(Native Method) ~[na:1.8.0_242]
	at sun.nio.ch.Net.bind(Net.java:433) ~[na:1.8.0_242]
	at sun.nio.ch.Net.bind(Net.java:425) ~[na:1.8.0_242]
	at sun.nio.ch.ServerSocketChannelImpl.bind(ServerSocketChannelImpl.java:220) ~[na:1.8.0_242]
	at sun.nio.ch.ServerSocketAdaptor.bind(ServerSocketAdaptor.java:85) ~[na:1.8.0_242]
	at org.apache.tomcat.util.net.NioEndpoint.bind(NioEndpoint.java:219) ~[tomcat-embed-core-8.5.34.jar!/:8.5.34]
	at org.apache.tomcat.util.net.AbstractEndpoint.start(AbstractEndpoint.java:1151) ~[tomcat-embed-core-8.5.34.jar!/:8.5.34]
	at org.apache.coyote.AbstractProtocol.start(AbstractProtocol.java:591) ~[tomcat-embed-core-8.5.34.jar!/:8.5.34]
	at org.apache.catalina.connector.Connector.startInternal(Connector.java:1018) ~[tomcat-embed-core-8.5.34.jar!/:8.5.34]
	... 22 common frames omitted

2020-03-05 23:33:04.661  INFO 20497 --- [           main] o.apache.catalina.core.StandardService   : Stopping service [Tomcat]
2020-03-05 23:33:04.722  INFO 20497 --- [           main] ConditionEvaluationReportLoggingListener : 

Error starting ApplicationContext. To display the conditions report re-run your application with 'debug' enabled.
2020-03-05 23:33:04.732 ERROR 20497 --- [           main] o.s.b.d.LoggingFailureAnalysisReporter   : 

***************************
APPLICATION FAILED TO START
***************************

Description:

The Tomcat connector configured to listen on port 7880 failed to start. The port may already be in use or the connector may be misconfigured.

Action:

Verify the connector's configuration, identify and stop any process that's listening on port 7880, or configure this application to listen on another port.

2020-03-05 23:33:04.734  INFO 20497 --- [           main] ConfigServletWebServerApplicationContext : Closing org.springframework.boot.web.servlet.context.AnnotationConfigServletWebServerApplicationContext@3c679bde: startup date [Thu Mar 05 23:32:57 IST 2020]; root of context hierarchy
2020-03-05 23:33:04.751  INFO 20497 --- [           main] o.s.j.e.a.AnnotationMBeanExporter        : Unregistering JMX-exposed beans on shutdown
